#
# There is insufficient memory for the Java Runtime Environment to continue.
# Native memory allocation (mmap) failed to map 178257920 bytes for committing reserved memory.
# Possible reasons:
#   The system is out of physical RAM or swap space
#   In 32 bit mode, the process size limit was hit
# Possible solutions:
#   Reduce memory load on the system
#   Increase physical memory or swap space
#   Check if swap backing store is full
#   Use 64 bit Java on a 64 bit OS
#   Decrease Java heap size (-Xmx/-Xms)
#   Decrease number of Java threads
#   Decrease Java thread stack sizes (-Xss)
#   Set larger code cache with -XX:ReservedCodeCacheSize=
# This output file may be truncated or incomplete.
#
#  Out of Memory Error (os_linux.cpp:2627), pid=8899, tid=140239017297664
#
# JRE version: Java(TM) SE Runtime Environment (8.0_66-b17) (build 1.8.0_66-b17)
# Java VM: Java HotSpot(TM) 64-Bit Server VM (25.66-b17 mixed mode linux-amd64 compressed oops)
# Failed to write core dump. Core dumps have been disabled. To enable core dumping, try "ulimit -c unlimited" before starting Java again
#

---------------  T H R E A D  ---------------

Current thread (0x00007f8c08079000):  VMThread [stack: 0x00007f8bf0bf4000,0x00007f8bf0cf5000] [id=8909]

Stack: [0x00007f8bf0bf4000,0x00007f8bf0cf5000],  sp=0x00007f8bf0cf2fa0,  free space=1019k
Native frames: (J=compiled Java code, j=interpreted, Vv=VM code, C=native code)
V  [libjvm.so+0xab9a1a]  VMError::report_and_die()+0x2ba
V  [libjvm.so+0x4f9e0b]  report_vm_out_of_memory(char const*, int, unsigned long, VMErrorType, char const*)+0x8b
V  [libjvm.so+0x91a8a3]  os::Linux::commit_memory_impl(char*, unsigned long, bool)+0x103
V  [libjvm.so+0x91adf9]  os::pd_commit_memory(char*, unsigned long, unsigned long, bool)+0x29
V  [libjvm.so+0x91510a]  os::commit_memory(char*, unsigned long, unsigned long, bool)+0x2a
V  [libjvm.so+0x9887a3]  PSVirtualSpace::expand_by(unsigned long)+0x53
V  [libjvm.so+0x989ba8]  PSYoungGen::resize_generation(unsigned long, unsigned long)+0xf8
V  [libjvm.so+0x988d02]  PSYoungGen::resize(unsigned long, unsigned long)+0x22
V  [libjvm.so+0x985fdb]  PSScavenge::invoke_no_policy()+0xf3b
V  [libjvm.so+0x986761]  PSScavenge::invoke()+0x41
V  [libjvm.so+0x93e500]  ParallelScavengeHeap::failed_mem_allocate(unsigned long)+0x70
V  [libjvm.so+0xabb437]  VM_ParallelGCFailedAllocation::doit()+0x97
V  [libjvm.so+0xac2e65]  VM_Operation::evaluate()+0x55
V  [libjvm.so+0xac123a]  VMThread::evaluate_operation(VM_Operation*)+0xba
V  [libjvm.so+0xac15be]  VMThread::loop()+0x1ce
V  [libjvm.so+0xac1a30]  VMThread::run()+0x70
V  [libjvm.so+0x91cc68]  java_start(Thread*)+0x108

VM_Operation (0x00007f8c0f4260b0): ParallelGCFailedAllocation, mode: safepoint, requested by thread 0x00007f8c0800a800


---------------  P R O C E S S  ---------------

Java Threads: ( => current thread )
  0x00007f8c080c3800 JavaThread "Service Thread" daemon [_thread_blocked, id=8916, stack(0x00007f8bf0080000,0x00007f8bf0181000)]
  0x00007f8c080be800 JavaThread "C1 CompilerThread2" daemon [_thread_blocked, id=8915, stack(0x00007f8bf0181000,0x00007f8bf0282000)]
  0x00007f8c080bc800 JavaThread "C2 CompilerThread1" daemon [_thread_blocked, id=8914, stack(0x00007f8bf0282000,0x00007f8bf0383000)]
  0x00007f8c080b9800 JavaThread "C2 CompilerThread0" daemon [_thread_blocked, id=8913, stack(0x00007f8bf0383000,0x00007f8bf0484000)]
  0x00007f8c080b8000 JavaThread "Signal Dispatcher" daemon [_thread_blocked, id=8912, stack(0x00007f8bf0484000,0x00007f8bf0585000)]
  0x00007f8c08080000 JavaThread "Finalizer" daemon [_thread_blocked, id=8911, stack(0x00007f8bf09f2000,0x00007f8bf0af3000)]
  0x00007f8c0807e000 JavaThread "Reference Handler" daemon [_thread_blocked, id=8910, stack(0x00007f8bf0af3000,0x00007f8bf0bf4000)]
  0x00007f8c0800a800 JavaThread "main" [_thread_blocked, id=8904, stack(0x00007f8c0f327000,0x00007f8c0f428000)]

Other Threads:
=>0x00007f8c08079000 VMThread [stack: 0x00007f8bf0bf4000,0x00007f8bf0cf5000] [id=8909]
  0x00007f8c080c6800 WatcherThread [stack: 0x00007f8bebeff000,0x00007f8bec000000] [id=8917]

VM state:at safepoint (normal execution)

VM Mutex/Monitor currently owned by a thread:  ([mutex/lock_event])
[0x00007f8c08006f70] Threads_lock - owner thread: 0x00007f8c08079000
[0x00007f8c08007470] Heap_lock - owner thread: 0x00007f8c0800a800

Heap:
 PSYoungGen      total 132096K, used 5119K [0x00000000eab00000, 0x00000000f3100000, 0x0000000100000000)
  eden space 126976K, 0% used [0x00000000eab00000,0x00000000eab00000,0x00000000f2700000)
  from space 5120K, 99% used [0x00000000f2700000,0x00000000f2bffc18,0x00000000f2c00000)
  to   space 5120K, 0% used [0x00000000f2c00000,0x00000000f2c00000,0x00000000f3100000)
 ParOldGen       total 84992K, used 49355K [0x00000000c0000000, 0x00000000c5300000, 0x00000000eab00000)
  object space 84992K, 58% used [0x00000000c0000000,0x00000000c3032fa8,0x00000000c5300000)
 Metaspace       used 7926K, capacity 8130K, committed 8320K, reserved 1056768K
  class space    used 780K, capacity 818K, committed 896K, reserved 1048576K

Card table byte_map: [0x00007f8bf8dff000,0x00007f8bf9000000] byte_map_base: 0x00007f8bf87ff000

Marking Bits: (ParMarkBitMap*) 0x00007f8c0e800020
 Begin Bits: [0x00007f8bf2000000, 0x00007f8bf3000000)
 End Bits:   [0x00007f8bf3000000, 0x00007f8bf4000000)

Polling page: 0x00007f8c0f44d000

CodeCache: size=245760Kb used=7600Kb max_used=7616Kb free=238159Kb
 bounds [0x00007f8bf9000000, 0x00007f8bf9780000, 0x00007f8c08000000]
 total_blobs=2759 nmethods=2460 adapters=212
 compilation: enabled

Compilation events (10 events):
Event: 4.228 Thread 0x00007f8c080bc800 nmethod 2510 0x00007f8bf9755c50 code [0x00007f8bf9755da0, 0x00007f8bf9755e58]
Event: 4.327 Thread 0x00007f8c080bc800 2511 %     4       java.util.HashMap::resize @ 238 (359 bytes)
Event: 4.349 Thread 0x00007f8c080be800 2518 %     3       com.android.dx.merge.DexMerger::getSortedTypes @ 51 (139 bytes)
Event: 4.350 Thread 0x00007f8c080be800 nmethod 2518% 0x00007f8bf976d6d0 code [0x00007f8bf976d940, 0x00007f8bf976e888]
Event: 4.359 Thread 0x00007f8c080bc800 nmethod 2511% 0x00007f8bf97715d0 code [0x00007f8bf97717e0, 0x00007f8bf9772610]
Event: 4.359 Thread 0x00007f8c080bc800 2512       4       com.android.dx.merge.DexMerger::transformAnnotationSet (82 bytes)
Event: 4.380 Thread 0x00007f8c080be800 2520       3       com.android.dx.io.instructions.InstructionCodec$33::decode (99 bytes)
Event: 4.382 Thread 0x00007f8c080be800 nmethod 2520 0x00007f8bf9773250 code [0x00007f8bf9773540, 0x00007f8bf9775178]
Event: 4.391 Thread 0x00007f8c080bc800 nmethod 2512 0x00007f8bf9778cd0 code [0x00007f8bf9778f60, 0x00007f8bf977a088]
Event: 4.391 Thread 0x00007f8c080bc800 2513       4       com.android.dx.merge.DexMerger::transformAnnotationDirectory (239 bytes)

GC Heap History (9 events):
Event: 1.975 GC heap before
{Heap before GC invocations=1 (full 0):
 PSYoungGen      total 36864K, used 31744K [0x00000000eab00000, 0x00000000ed400000, 0x0000000100000000)
  eden space 31744K, 100% used [0x00000000eab00000,0x00000000eca00000,0x00000000eca00000)
  from space 5120K, 0% used [0x00000000ecf00000,0x00000000ecf00000,0x00000000ed400000)
  to   space 5120K, 0% used [0x00000000eca00000,0x00000000eca00000,0x00000000ecf00000)
 ParOldGen       total 84992K, used 0K [0x00000000c0000000, 0x00000000c5300000, 0x00000000eab00000)
  object space 84992K, 0% used [0x00000000c0000000,0x00000000c0000000,0x00000000c5300000)
 Metaspace       used 5554K, capacity 6832K, committed 7040K, reserved 1056768K
  class space    used 565K, capacity 616K, committed 640K, reserved 1048576K
Event: 2.037 GC heap after
Heap after GC invocations=1 (full 0):
 PSYoungGen      total 36864K, used 5089K [0x00000000eab00000, 0x00000000ef300000, 0x0000000100000000)
  eden space 31744K, 0% used [0x00000000eab00000,0x00000000eab00000,0x00000000eca00000)
  from space 5120K, 99% used [0x00000000eca00000,0x00000000ecef8468,0x00000000ecf00000)
  to   space 5120K, 0% used [0x00000000eee00000,0x00000000eee00000,0x00000000ef300000)
 ParOldGen       total 84992K, used 2082K [0x00000000c0000000, 0x00000000c5300000, 0x00000000eab00000)
  object space 84992K, 2% used [0x00000000c0000000,0x00000000c0208818,0x00000000c5300000)
 Metaspace       used 5554K, capacity 6832K, committed 7040K, reserved 1056768K
  class space    used 565K, capacity 616K, committed 640K, reserved 1048576K
}
Event: 2.306 GC heap before
{Heap before GC invocations=2 (full 0):
 PSYoungGen      total 36864K, used 36833K [0x00000000eab00000, 0x00000000ef300000, 0x0000000100000000)
  eden space 31744K, 100% used [0x00000000eab00000,0x00000000eca00000,0x00000000eca00000)
  from space 5120K, 99% used [0x00000000eca00000,0x00000000ecef8468,0x00000000ecf00000)
  to   space 5120K, 0% used [0x00000000eee00000,0x00000000eee00000,0x00000000ef300000)
 ParOldGen       total 84992K, used 2082K [0x00000000c0000000, 0x00000000c5300000, 0x00000000eab00000)
  object space 84992K, 2% used [0x00000000c0000000,0x00000000c0208818,0x00000000c5300000)
 Metaspace       used 5627K, capacity 6896K, committed 7040K, reserved 1056768K
  class space    used 565K, capacity 616K, committed 640K, reserved 1048576K
Event: 2.326 GC heap after
Heap after GC invocations=2 (full 0):
 PSYoungGen      total 68608K, used 5112K [0x00000000eab00000, 0x00000000ef300000, 0x0000000100000000)
  eden space 63488K, 0% used [0x00000000eab00000,0x00000000eab00000,0x00000000ee900000)
  from space 5120K, 99% used [0x00000000eee00000,0x00000000ef2fe3b8,0x00000000ef300000)
  to   space 5120K, 0% used [0x00000000ee900000,0x00000000ee900000,0x00000000eee00000)
 ParOldGen       total 84992K, used 7334K [0x00000000c0000000, 0x00000000c5300000, 0x00000000eab00000)
  object space 84992K, 8% used [0x00000000c0000000,0x00000000c0729880,0x00000000c5300000)
 Metaspace       used 5627K, capacity 6896K, committed 7040K, reserved 1056768K
  class space    used 565K, capacity 616K, committed 640K, reserved 1048576K
}
Event: 3.667 GC heap before
{Heap before GC invocations=3 (full 0):
 PSYoungGen      total 68608K, used 68600K [0x00000000eab00000, 0x00000000ef300000, 0x0000000100000000)
  eden space 63488K, 100% used [0x00000000eab00000,0x00000000ee900000,0x00000000ee900000)
  from space 5120K, 99% used [0x00000000eee00000,0x00000000ef2fe3b8,0x00000000ef300000)
  to   space 5120K, 0% used [0x00000000ee900000,0x00000000ee900000,0x00000000eee00000)
 ParOldGen       total 84992K, used 7334K [0x00000000c0000000, 0x00000000c5300000, 0x00000000eab00000)
  object space 84992K, 8% used [0x00000000c0000000,0x00000000c0729880,0x00000000c5300000)
 Metaspace       used 7883K, capacity 8130K, committed 8320K, reserved 1056768K
  class space    used 780K, capacity 818K, committed 896K, reserved 1048576K
Event: 3.699 GC heap after
Heap after GC invocations=3 (full 0):
 PSYoungGen      total 68608K, used 5109K [0x00000000eab00000, 0x00000000f3100000, 0x0000000100000000)
  eden space 63488K, 0% used [0x00000000eab00000,0x00000000eab00000,0x00000000ee900000)
  from space 5120K, 99% used [0x00000000ee900000,0x00000000eedfd790,0x00000000eee00000)
  to   space 5120K, 0% used [0x00000000f2c00000,0x00000000f2c00000,0x00000000f3100000)
 ParOldGen       total 84992K, used 15281K [0x00000000c0000000, 0x00000000c5300000, 0x00000000eab00000)
  object space 84992K, 17% used [0x00000000c0000000,0x00000000c0eec6e8,0x00000000c5300000)
 Metaspace       used 7883K, capacity 8130K, committed 8320K, reserved 1056768K
  class space    used 780K, capacity 818K, committed 896K, reserved 1048576K
}
Event: 3.923 GC heap before
{Heap before GC invocations=4 (full 0):
 PSYoungGen      total 68608K, used 68597K [0x00000000eab00000, 0x00000000f3100000, 0x0000000100000000)
  eden space 63488K, 100% used [0x00000000eab00000,0x00000000ee900000,0x00000000ee900000)
  from space 5120K, 99% used [0x00000000ee900000,0x00000000eedfd790,0x00000000eee00000)
  to   space 5120K, 0% used [0x00000000f2c00000,0x00000000f2c00000,0x00000000f3100000)
 ParOldGen       total 84992K, used 15281K [0x00000000c0000000, 0x00000000c5300000, 0x00000000eab00000)
  object space 84992K, 17% used [0x00000000c0000000,0x00000000c0eec6e8,0x00000000c5300000)
 Metaspace       used 7905K, capacity 8130K, committed 8320K, reserved 1056768K
  class space    used 780K, capacity 818K, committed 896K, reserved 1048576K
Event: 3.960 GC heap after
Heap after GC invocations=4 (full 0):
 PSYoungGen      total 132096K, used 5119K [0x00000000eab00000, 0x00000000f3100000, 0x0000000100000000)
  eden space 126976K, 0% used [0x00000000eab00000,0x00000000eab00000,0x00000000f2700000)
  from space 5120K, 99% used [0x00000000f2c00000,0x00000000f30fff50,0x00000000f3100000)
  to   space 5120K, 0% used [0x00000000f2700000,0x00000000f2700000,0x00000000f2c00000)
 ParOldGen       total 84992K, used 25321K [0x00000000c0000000, 0x00000000c5300000, 0x00000000eab00000)
  object space 84992K, 29% used [0x00000000c0000000,0x00000000c18ba6e8,0x00000000c5300000)
 Metaspace       used 7905K, capacity 8130K, committed 8320K, reserved 1056768K
  class space    used 780K, capacity 818K, committed 896K, reserved 1048576K
}
Event: 4.442 GC heap before
{Heap before GC invocations=5 (full 0):
 PSYoungGen      total 132096K, used 132095K [0x00000000eab00000, 0x00000000f3100000, 0x0000000100000000)
  eden space 126976K, 100% used [0x00000000eab00000,0x00000000f2700000,0x00000000f2700000)
  from space 5120K, 99% used [0x00000000f2c00000,0x00000000f30fff50,0x00000000f3100000)
  to   space 5120K, 0% used [0x00000000f2700000,0x00000000f2700000,0x00000000f2c00000)
 ParOldGen       total 84992K, used 25321K [0x00000000c0000000, 0x00000000c5300000, 0x00000000eab00000)
  object space 84992K, 29% used [0x00000000c0000000,0x00000000c18ba6e8,0x00000000c5300000)
 Metaspace       used 7926K, capacity 8130K, committed 8320K, reserved 1056768K
  class space    used 780K, capacity 818K, committed 896K, reserved 1048576K

Deoptimization events (10 events):
Event: 3.384 Thread 0x00007f8c0800a800 Uncommon trap: reason=unstable_if action=reinterpret pc=0x00007f8bf958ae6c method=com.android.dex.Mutf8.decode(Lcom/android/dex/util/ByteInput;[C)Ljava/lang/String; @ 37
Event: 3.384 Thread 0x00007f8c0800a800 Uncommon trap: reason=unstable_if action=reinterpret pc=0x00007f8bf9576adc method=com.android.dex.Mutf8.encode([BILjava/lang/String;)V @ 31
Event: 3.395 Thread 0x00007f8c0800a800 Uncommon trap: reason=predicate action=maybe_recompile pc=0x00007f8bf95d30fc method=com.android.dex.Leb128.readUnsignedLeb128(Lcom/android/dex/util/ByteInput;)I @ 41
Event: 3.400 Thread 0x00007f8c0800a800 Uncommon trap: reason=unstable_if action=reinterpret pc=0x00007f8bf953fb40 method=java.util.HashMap.getNode(ILjava/lang/Object;)Ljava/util/HashMap$Node; @ 84
Event: 3.824 Thread 0x00007f8c0800a800 Uncommon trap: reason=unstable_if action=reinterpret pc=0x00007f8bf9640270 method=com.android.dex.Mutf8.decode(Lcom/android/dex/util/ByteInput;[C)Ljava/lang/String; @ 54
Event: 3.824 Thread 0x00007f8c0800a800 Uncommon trap: reason=unstable_if action=reinterpret pc=0x00007f8bf9673478 method=com.android.dex.Mutf8.countBytes(Ljava/lang/String;Z)J @ 28
Event: 3.824 Thread 0x00007f8c0800a800 Uncommon trap: reason=unstable_if action=reinterpret pc=0x00007f8bf962aeec method=com.android.dex.Mutf8.encode([BILjava/lang/String;)V @ 24
Event: 3.967 Thread 0x00007f8c0800a800 Uncommon trap: reason=unstable_if action=reinterpret pc=0x00007f8bf972be0c method=java.util.HashMap.resize()[Ljava/util/HashMap$Node; @ 206
Event: 3.968 Thread 0x00007f8c0800a800 Uncommon trap: reason=unstable_if action=reinterpret pc=0x00007f8bf96f12c4 method=java.util.HashMap.resize()[Ljava/util/HashMap$Node; @ 206
Event: 3.968 Thread 0x00007f8c0800a800 Uncommon trap: reason=unstable_if action=reinterpret pc=0x00007f8bf968edf8 method=java.util.HashMap.resize()[Ljava/util/HashMap$Node; @ 206

Internal exceptions (8 events):
Event: 0.595 Thread 0x00007f8c0800a800 Exception <a 'java/lang/NoSuchMethodError': Method sun.misc.Unsafe.defineClass(Ljava/lang/String;[BII)Ljava/lang/Class; name or signature does not match> (0x00000000eab12b90) thrown at [/HUDSON/workspace/8-2-build-linux-amd64/jdk8u66/4988/hotspot/src/shar
Event: 0.595 Thread 0x00007f8c0800a800 Exception <a 'java/lang/NoSuchMethodError': Method sun.misc.Unsafe.prefetchRead(Ljava/lang/Object;J)V name or signature does not match> (0x00000000eab12e78) thrown at [/HUDSON/workspace/8-2-build-linux-amd64/jdk8u66/4988/hotspot/src/share/vm/prims/jni.cpp
Event: 1.746 Thread 0x00007f8c08132800 Implicit null exception at 0x00007f8bf9214881 to 0x00007f8bf9214e81
Event: 2.069 Thread 0x00007f8c0800a800 Implicit null exception at 0x00007f8bf926a222 to 0x00007f8bf926a31b
Event: 3.306 Thread 0x00007f8c0800a800 Exception <a 'java/security/PrivilegedActionException'> (0x00000000ec8e4238) thrown at [/HUDSON/workspace/8-2-build-linux-amd64/jdk8u66/4988/hotspot/src/share/vm/prims/jvm.cpp, line 1386]
Event: 3.306 Thread 0x00007f8c0800a800 Exception <a 'java/security/PrivilegedActionException'> (0x00000000ec8e4630) thrown at [/HUDSON/workspace/8-2-build-linux-amd64/jdk8u66/4988/hotspot/src/share/vm/prims/jvm.cpp, line 1386]
Event: 3.306 Thread 0x00007f8c0800a800 Exception <a 'java/security/PrivilegedActionException'> (0x00000000ec8e6e40) thrown at [/HUDSON/workspace/8-2-build-linux-amd64/jdk8u66/4988/hotspot/src/share/vm/prims/jvm.cpp, line 1386]
Event: 3.306 Thread 0x00007f8c0800a800 Exception <a 'java/security/PrivilegedActionException'> (0x00000000ec8e7238) thrown at [/HUDSON/workspace/8-2-build-linux-amd64/jdk8u66/4988/hotspot/src/share/vm/prims/jvm.cpp, line 1386]

Events (10 events):
Event: 3.967 Thread 0x00007f8c0800a800 DEOPT UNPACKING pc=0x00007f8bf9005229 sp=0x00007f8c0f4262a8 mode 2
Event: 3.968 Thread 0x00007f8c0800a800 Uncommon trap: trap_request=0xffffff65 fr.pc=0x00007f8bf96f12c4
Event: 3.968 Thread 0x00007f8c0800a800 DEOPT PACKING pc=0x00007f8bf96f12c4 sp=0x00007f8c0f426310
Event: 3.968 Thread 0x00007f8c0800a800 DEOPT UNPACKING pc=0x00007f8bf9005229 sp=0x00007f8c0f4262a8 mode 2
Event: 3.968 Thread 0x00007f8c0800a800 Uncommon trap: trap_request=0xffffff65 fr.pc=0x00007f8bf968edf8
Event: 3.968 Thread 0x00007f8c0800a800 DEOPT PACKING pc=0x00007f8bf968edf8 sp=0x00007f8c0f426310
Event: 3.968 Thread 0x00007f8c0800a800 DEOPT UNPACKING pc=0x00007f8bf9005229 sp=0x00007f8c0f4262a8 mode 2
Event: 4.093 Thread 0x00007f8c0800a800 DEOPT PACKING pc=0x00007f8bf961d8c8 sp=0x00007f8c0f426420
Event: 4.093 Thread 0x00007f8c0800a800 DEOPT UNPACKING pc=0x00007f8bf9047633 sp=0x00007f8c0f426138 mode 0
Event: 4.442 Executing VM operation: ParallelGCFailedAllocation


Dynamic libraries:
00400000-00401000 r-xp 00000000 08:01 42469160                           /usr/lib/jvm/java-8-oracle/bin/java
00600000-00601000 rw-p 00000000 08:01 42469160                           /usr/lib/jvm/java-8-oracle/bin/java
020cf000-020f0000 rw-p 00000000 00:00 0                                  [heap]
c0000000-c5300000 rw-p 00000000 00:00 0 
c5300000-eab00000 ---p 00000000 00:00 0 
eab00000-f3100000 rw-p 00000000 00:00 0 
fdb00000-100000000 ---p 00000000 00:00 0 
100000000-1000e0000 rw-p 00000000 00:00 0 
1000e0000-140000000 ---p 00000000 00:00 0 
7f8ba4000000-7f8ba402c000 rw-p 00000000 00:00 0 
7f8ba402c000-7f8ba8000000 ---p 00000000 00:00 0 
7f8bac000000-7f8bac021000 rw-p 00000000 00:00 0 
7f8bac021000-7f8bb0000000 ---p 00000000 00:00 0 
7f8bb0000000-7f8bb0034000 rw-p 00000000 00:00 0 
7f8bb0034000-7f8bb4000000 ---p 00000000 00:00 0 
7f8bb4000000-7f8bb4047000 rw-p 00000000 00:00 0 
7f8bb4047000-7f8bb8000000 ---p 00000000 00:00 0 
7f8bb8000000-7f8bb8021000 rw-p 00000000 00:00 0 
7f8bb8021000-7f8bbc000000 ---p 00000000 00:00 0 
7f8bbc000000-7f8bbc021000 rw-p 00000000 00:00 0 
7f8bbc021000-7f8bc0000000 ---p 00000000 00:00 0 
7f8bc0000000-7f8bc0021000 rw-p 00000000 00:00 0 
7f8bc0021000-7f8bc4000000 ---p 00000000 00:00 0 
7f8bc4000000-7f8bc4d68000 rw-p 00000000 00:00 0 
7f8bc4d68000-7f8bc8000000 ---p 00000000 00:00 0 
7f8bc8000000-7f8bc8545000 rw-p 00000000 00:00 0 
7f8bc8545000-7f8bcc000000 ---p 00000000 00:00 0 
7f8bcc000000-7f8bcc021000 rw-p 00000000 00:00 0 
7f8bcc021000-7f8bd0000000 ---p 00000000 00:00 0 
7f8bd0000000-7f8bd0be8000 rw-p 00000000 00:00 0 
7f8bd0be8000-7f8bd4000000 ---p 00000000 00:00 0 
7f8bd4000000-7f8bd4021000 rw-p 00000000 00:00 0 
7f8bd4021000-7f8bd8000000 ---p 00000000 00:00 0 
7f8bd8000000-7f8bd8021000 rw-p 00000000 00:00 0 
7f8bd8021000-7f8bdc000000 ---p 00000000 00:00 0 
7f8bdc000000-7f8bdc021000 rw-p 00000000 00:00 0 
7f8bdc021000-7f8be0000000 ---p 00000000 00:00 0 
7f8be0000000-7f8be028b000 rw-p 00000000 00:00 0 
7f8be028b000-7f8be4000000 ---p 00000000 00:00 0 
7f8be4000000-7f8be4021000 rw-p 00000000 00:00 0 
7f8be4021000-7f8be8000000 ---p 00000000 00:00 0 
7f8beb9fa000-7f8beb9fd000 ---p 00000000 00:00 0 
7f8beb9fd000-7f8bebafb000 rw-p 00000000 00:00 0 
7f8bebafb000-7f8bebafe000 ---p 00000000 00:00 0 
7f8bebafe000-7f8bebbfc000 rw-p 00000000 00:00 0 
7f8bebbfc000-7f8bebbff000 ---p 00000000 00:00 0 
7f8bebbff000-7f8bebcfd000 rw-p 00000000 00:00 0 
7f8bebcfd000-7f8bebd00000 ---p 00000000 00:00 0 
7f8bebd00000-7f8bebdfe000 rw-p 00000000 00:00 0 
7f8bebdfe000-7f8bebe01000 ---p 00000000 00:00 0 
7f8bebe01000-7f8bebeff000 rw-p 00000000 00:00 0 
7f8bebeff000-7f8bebf00000 ---p 00000000 00:00 0 
7f8bebf00000-7f8bec000000 rw-p 00000000 00:00 0                          [stack:8917]
7f8bec000000-7f8bec021000 rw-p 00000000 00:00 0 
7f8bec021000-7f8bf0000000 ---p 00000000 00:00 0 
7f8bf0080000-7f8bf0083000 ---p 00000000 00:00 0 
7f8bf0083000-7f8bf0181000 rw-p 00000000 00:00 0                          [stack:8916]
7f8bf0181000-7f8bf0184000 ---p 00000000 00:00 0 
7f8bf0184000-7f8bf0282000 rw-p 00000000 00:00 0                          [stack:8915]
7f8bf0282000-7f8bf0285000 ---p 00000000 00:00 0 
7f8bf0285000-7f8bf0383000 rw-p 00000000 00:00 0                          [stack:8914]
7f8bf0383000-7f8bf0386000 ---p 00000000 00:00 0 
7f8bf0386000-7f8bf0484000 rw-p 00000000 00:00 0                          [stack:8913]
7f8bf0484000-7f8bf0487000 ---p 00000000 00:00 0 
7f8bf0487000-7f8bf0585000 rw-p 00000000 00:00 0                          [stack:8912]
7f8bf0585000-7f8bf09f2000 r--p 00000000 08:01 38014273                   /usr/lib/locale/locale-archive
7f8bf09f2000-7f8bf09f5000 ---p 00000000 00:00 0 
7f8bf09f5000-7f8bf0af3000 rw-p 00000000 00:00 0                          [stack:8911]
7f8bf0af3000-7f8bf0af6000 ---p 00000000 00:00 0 
7f8bf0af6000-7f8bf0bf4000 rw-p 00000000 00:00 0                          [stack:8910]
7f8bf0bf4000-7f8bf0bf5000 ---p 00000000 00:00 0 
7f8bf0bf5000-7f8bf1f40000 rw-p 00000000 00:00 0                          [stack:8909]
7f8bf1f40000-7f8bf2000000 ---p 00000000 00:00 0 
7f8bf2000000-7f8bf4000000 rw-p 00000000 00:00 0 
7f8bf4000000-7f8bf4021000 rw-p 00000000 00:00 0 
7f8bf4021000-7f8bf8000000 ---p 00000000 00:00 0 
7f8bf8061000-7f8bf8068000 r--s 00000000 08:01 38277218                   /usr/lib/x86_64-linux-gnu/gconv/gconv-modules.cache
7f8bf8068000-7f8bf807c000 r--p 00000000 08:01 39847314                   /usr/share/locale-langpack/zh_CN/LC_MESSAGES/libc.mo
7f8bf807c000-7f8bf8086000 r--s 00116000 08:01 42470767                   /usr/lib/jvm/java-8-oracle/jre/lib/ext/localedata.jar
7f8bf8086000-7f8bf84cc000 rw-p 00000000 00:00 0 
7f8bf84cc000-7f8bf86a5000 r--s 03d20000 08:01 42470706                   /usr/lib/jvm/java-8-oracle/jre/lib/rt.jar
7f8bf86a5000-7f8bf88a5000 rw-p 00000000 00:00 0 
7f8bf88a5000-7f8bf88a6000 ---p 00000000 00:00 0 
7f8bf88a6000-7f8bf89a6000 rw-p 00000000 00:00 0                          [stack:8908]
7f8bf89a6000-7f8bf89a7000 ---p 00000000 00:00 0 
7f8bf89a7000-7f8bf8aa7000 rw-p 00000000 00:00 0                          [stack:8907]
7f8bf8aa7000-7f8bf8aa8000 ---p 00000000 00:00 0 
7f8bf8aa8000-7f8bf8ba8000 rw-p 00000000 00:00 0                          [stack:8906]
7f8bf8ba8000-7f8bf8ba9000 ---p 00000000 00:00 0 
7f8bf8ba9000-7f8bf8cd3000 rw-p 00000000 00:00 0                          [stack:8905]
7f8bf8cd3000-7f8bf8dff000 ---p 00000000 00:00 0 
7f8bf8dff000-7f8bf8e29000 rw-p 00000000 00:00 0 
7f8bf8e29000-7f8bf8f54000 ---p 00000000 00:00 0 
7f8bf8f54000-7f8bf8f98000 rw-p 00000000 00:00 0 
7f8bf8f98000-7f8bf8fff000 ---p 00000000 00:00 0 
7f8bf8fff000-7f8bf9000000 rw-p 00000000 00:00 0 
7f8bf9000000-7f8bf9780000 rwxp 00000000 00:00 0 
7f8bf9780000-7f8c08000000 ---p 00000000 00:00 0 
7f8c08000000-7f8c08394000 rw-p 00000000 00:00 0 
7f8c08394000-7f8c0c000000 ---p 00000000 00:00 0 
7f8c0c002000-7f8c0c007000 r--s 00096000 08:01 42470756                   /usr/lib/jvm/java-8-oracle/jre/lib/jsse.jar
7f8c0c007000-7f8c0c016000 r--s 000df000 08:01 35002221                   /home/evast/desktop/Sdk/build-tools/23.0.1/lib/dx.jar
7f8c0c016000-7f8c0c10d000 rw-p 00000000 00:00 0 
7f8c0c10d000-7f8c0c4af000 ---p 00000000 00:00 0 
7f8c0c4af000-7f8c0c4c9000 r-xp 00000000 08:01 42470906                   /usr/lib/jvm/java-8-oracle/jre/lib/amd64/libzip.so
7f8c0c4c9000-7f8c0c6c9000 ---p 0001a000 08:01 42470906                   /usr/lib/jvm/java-8-oracle/jre/lib/amd64/libzip.so
7f8c0c6c9000-7f8c0c6ca000 rw-p 0001a000 08:01 42470906                   /usr/lib/jvm/java-8-oracle/jre/lib/amd64/libzip.so
7f8c0c6ca000-7f8c0c6d6000 r-xp 00000000 08:01 4194371                    /lib/x86_64-linux-gnu/libnss_files-2.21.so
7f8c0c6d6000-7f8c0c8d5000 ---p 0000c000 08:01 4194371                    /lib/x86_64-linux-gnu/libnss_files-2.21.so
7f8c0c8d5000-7f8c0c8d6000 r--p 0000b000 08:01 4194371                    /lib/x86_64-linux-gnu/libnss_files-2.21.so
7f8c0c8d6000-7f8c0c8d7000 rw-p 0000c000 08:01 4194371                    /lib/x86_64-linux-gnu/libnss_files-2.21.so
7f8c0c8d7000-7f8c0c8e2000 r-xp 00000000 08:01 4194359                    /lib/x86_64-linux-gnu/libnss_nis-2.21.so
7f8c0c8e2000-7f8c0cae1000 ---p 0000b000 08:01 4194359                    /lib/x86_64-linux-gnu/libnss_nis-2.21.so
7f8c0cae1000-7f8c0cae2000 r--p 0000a000 08:01 4194359                    /lib/x86_64-linux-gnu/libnss_nis-2.21.so
7f8c0cae2000-7f8c0cae3000 rw-p 0000b000 08:01 4194359                    /lib/x86_64-linux-gnu/libnss_nis-2.21.so
7f8c0cae3000-7f8c0cafa000 r-xp 00000000 08:01 4194377                    /lib/x86_64-linux-gnu/libnsl-2.21.so
7f8c0cafa000-7f8c0ccf9000 ---p 00017000 08:01 4194377                    /lib/x86_64-linux-gnu/libnsl-2.21.so
7f8c0ccf9000-7f8c0ccfa000 r--p 00016000 08:01 4194377                    /lib/x86_64-linux-gnu/libnsl-2.21.so
7f8c0ccfa000-7f8c0ccfb000 rw-p 00017000 08:01 4194377                    /lib/x86_64-linux-gnu/libnsl-2.21.so
7f8c0ccfb000-7f8c0ccfd000 rw-p 00000000 00:00 0 
7f8c0ccfd000-7f8c0cd05000 r-xp 00000000 08:01 4194373                    /lib/x86_64-linux-gnu/libnss_compat-2.21.so
7f8c0cd05000-7f8c0cf04000 ---p 00008000 08:01 4194373                    /lib/x86_64-linux-gnu/libnss_compat-2.21.so
7f8c0cf04000-7f8c0cf05000 r--p 00007000 08:01 4194373                    /lib/x86_64-linux-gnu/libnss_compat-2.21.so
7f8c0cf05000-7f8c0cf06000 rw-p 00008000 08:01 4194373                    /lib/x86_64-linux-gnu/libnss_compat-2.21.so
7f8c0cf06000-7f8c0cf30000 r-xp 00000000 08:01 42470901                   /usr/lib/jvm/java-8-oracle/jre/lib/amd64/libjava.so
7f8c0cf30000-7f8c0d130000 ---p 0002a000 08:01 42470901                   /usr/lib/jvm/java-8-oracle/jre/lib/amd64/libjava.so
7f8c0d130000-7f8c0d132000 rw-p 0002a000 08:01 42470901                   /usr/lib/jvm/java-8-oracle/jre/lib/amd64/libjava.so
7f8c0d132000-7f8c0d13f000 r-xp 00000000 08:01 42470905                   /usr/lib/jvm/java-8-oracle/jre/lib/amd64/libverify.so
7f8c0d13f000-7f8c0d33f000 ---p 0000d000 08:01 42470905                   /usr/lib/jvm/java-8-oracle/jre/lib/amd64/libverify.so
7f8c0d33f000-7f8c0d341000 rw-p 0000d000 08:01 42470905                   /usr/lib/jvm/java-8-oracle/jre/lib/amd64/libverify.so
7f8c0d341000-7f8c0d348000 r-xp 00000000 08:01 4194378                    /lib/x86_64-linux-gnu/librt-2.21.so
7f8c0d348000-7f8c0d547000 ---p 00007000 08:01 4194378                    /lib/x86_64-linux-gnu/librt-2.21.so
7f8c0d547000-7f8c0d548000 r--p 00006000 08:01 4194378                    /lib/x86_64-linux-gnu/librt-2.21.so
7f8c0d548000-7f8c0d549000 rw-p 00007000 08:01 4194378                    /lib/x86_64-linux-gnu/librt-2.21.so
7f8c0d549000-7f8c0d650000 r-xp 00000000 08:01 4194376                    /lib/x86_64-linux-gnu/libm-2.21.so
7f8c0d650000-7f8c0d84f000 ---p 00107000 08:01 4194376                    /lib/x86_64-linux-gnu/libm-2.21.so
7f8c0d84f000-7f8c0d850000 r--p 00106000 08:01 4194376                    /lib/x86_64-linux-gnu/libm-2.21.so
7f8c0d850000-7f8c0d851000 rw-p 00107000 08:01 4194376                    /lib/x86_64-linux-gnu/libm-2.21.so
7f8c0d851000-7f8c0e50f000 r-xp 00000000 08:01 42470884                   /usr/lib/jvm/java-8-oracle/jre/lib/amd64/server/libjvm.so
7f8c0e50f000-7f8c0e70e000 ---p 00cbe000 08:01 42470884                   /usr/lib/jvm/java-8-oracle/jre/lib/amd64/server/libjvm.so
7f8c0e70e000-7f8c0e7e7000 rw-p 00cbd000 08:01 42470884                   /usr/lib/jvm/java-8-oracle/jre/lib/amd64/server/libjvm.so
7f8c0e7e7000-7f8c0e82b000 rw-p 00000000 00:00 0 
7f8c0e82b000-7f8c0e9eb000 r-xp 00000000 08:01 4194381                    /lib/x86_64-linux-gnu/libc-2.21.so
7f8c0e9eb000-7f8c0ebeb000 ---p 001c0000 08:01 4194381                    /lib/x86_64-linux-gnu/libc-2.21.so
7f8c0ebeb000-7f8c0ebef000 r--p 001c0000 08:01 4194381                    /lib/x86_64-linux-gnu/libc-2.21.so
7f8c0ebef000-7f8c0ebf1000 rw-p 001c4000 08:01 4194381                    /lib/x86_64-linux-gnu/libc-2.21.so
7f8c0ebf1000-7f8c0ebf5000 rw-p 00000000 00:00 0 
7f8c0ebf5000-7f8c0ebf8000 r-xp 00000000 08:01 4194364                    /lib/x86_64-linux-gnu/libdl-2.21.so
7f8c0ebf8000-7f8c0edf7000 ---p 00003000 08:01 4194364                    /lib/x86_64-linux-gnu/libdl-2.21.so
7f8c0edf7000-7f8c0edf8000 r--p 00002000 08:01 4194364                    /lib/x86_64-linux-gnu/libdl-2.21.so
7f8c0edf8000-7f8c0edf9000 rw-p 00003000 08:01 4194364                    /lib/x86_64-linux-gnu/libdl-2.21.so
7f8c0edf9000-7f8c0ee0e000 r-xp 00000000 08:01 42470521                   /usr/lib/jvm/java-8-oracle/lib/amd64/jli/libjli.so
7f8c0ee0e000-7f8c0f00e000 ---p 00015000 08:01 42470521                   /usr/lib/jvm/java-8-oracle/lib/amd64/jli/libjli.so
7f8c0f00e000-7f8c0f00f000 rw-p 00015000 08:01 42470521                   /usr/lib/jvm/java-8-oracle/lib/amd64/jli/libjli.so
7f8c0f00f000-7f8c0f027000 r-xp 00000000 08:01 4194368                    /lib/x86_64-linux-gnu/libpthread-2.21.so
7f8c0f027000-7f8c0f227000 ---p 00018000 08:01 4194368                    /lib/x86_64-linux-gnu/libpthread-2.21.so
7f8c0f227000-7f8c0f228000 r--p 00018000 08:01 4194368                    /lib/x86_64-linux-gnu/libpthread-2.21.so
7f8c0f228000-7f8c0f229000 rw-p 00019000 08:01 4194368                    /lib/x86_64-linux-gnu/libpthread-2.21.so
7f8c0f229000-7f8c0f22d000 rw-p 00000000 00:00 0 
7f8c0f22d000-7f8c0f251000 r-xp 00000000 08:01 4194367                    /lib/x86_64-linux-gnu/ld-2.21.so
7f8c0f255000-7f8c0f327000 rw-p 00000000 00:00 0 
7f8c0f327000-7f8c0f32a000 ---p 00000000 00:00 0 
7f8c0f32a000-7f8c0f42c000 rw-p 00000000 00:00 0                          [stack:8904]
7f8c0f42f000-7f8c0f444000 rw-p 00000000 00:00 0 
7f8c0f444000-7f8c0f44c000 rw-s 00000000 08:01 11010363                   /tmp/hsperfdata_evast/8899
7f8c0f44c000-7f8c0f44d000 rw-p 00000000 00:00 0 
7f8c0f44d000-7f8c0f44e000 ---p 00000000 00:00 0 
7f8c0f44e000-7f8c0f450000 rw-p 00000000 00:00 0 
7f8c0f450000-7f8c0f451000 r--p 00023000 08:01 4194367                    /lib/x86_64-linux-gnu/ld-2.21.so
7f8c0f451000-7f8c0f452000 rw-p 00024000 08:01 4194367                    /lib/x86_64-linux-gnu/ld-2.21.so
7f8c0f452000-7f8c0f453000 rw-p 00000000 00:00 0 
7ffedfea8000-7ffedfeca000 rw-p 00000000 00:00 0                          [stack]
7ffedff14000-7ffedff16000 r--p 00000000 00:00 0                          [vvar]
7ffedff16000-7ffedff18000 r-xp 00000000 00:00 0                          [vdso]
ffffffffff600000-ffffffffff601000 r-xp 00000000 00:00 0                  [vsyscall]

VM Arguments:
jvm_args: -Xmx1024M -Dfile.encoding=UTF-8 -Duser.country=CN -Duser.language=zh -Duser.variant 
java_command: com.android.dx.command.Main --dex --num-threads=4 --output /home/evast/江浩/iTrueFace/app/build/intermediates/dex/debug /home/evast/江浩/iTrueFace/app/build/intermediates/classes/debug /home/evast/江浩/iTrueFace/app/build/intermediates/pre-dexed/debug/support-annotations-23.0.1-29d29079f775d1d491e610ae89d21911714dfea6.jar /home/evast/江浩/iTrueFace/app/build/intermediates/pre-dexed/debug/classes-68a95759339912128477c28fbc7281dfd91a35c8.jar /home/evast/江浩/iTrueFace/app/build/intermediates/pre-dexed/debug/classes-333c0fc199c4b5360e0f5602db0eb7a79b64e4d8.jar /home/evast/江浩/iTrueFace/app/build/intermediates/pre-dexed/debug/library-1.0.19-8f2add69d3aace82a7b548c364650170f6112ce3.jar /home/evast/江浩/iTrueFace/app/build/intermediates/pre-dexed/debug/android-async-http-1.4.9-9e9fdd53d9661110eb46b770451c47b755b14c52.jar /home/evast/江浩/iTrueFace/app/build/intermediates/pre-dexed/debug/classes-8e0e0680d9106be3840563a15a7faeea9229d087.jar /home/evast/江浩/iTrueFace/app/build/intermediates/pre-dexed/debug/internal_impl-23.0.1-b6a455cb7c7c02132809ecae6272536d56516455.jar /home/evast/江浩/iTrueFace/app/build/intermediates/pre-dexed/debug/classes-9669ce9fde91eacc6d28b53e0e95f62a198174b3.jar /home/evast/江浩/iTrueFace/app/build/intermediates/pre-dexed/debug/fastjson-1.2.6-d3e48da6d20437af7042656a86a374d06a8bb72e.jar /home/evast/江浩/iTrueFace/app/build/intermediates/pre-dexed/debug/classes-eadd88d73c8e2cc4df37d2e7f1f94880cb6dc2a6.jar /home/evast/江浩/iTrueFace/app/build/intermediates/pre-dexed/debug/httpclient-4.3.6-d97509453ed65473140998608740ec304cfce764.jar /home/evast/江浩/iTrueFace/app/build/intermediates/pre-dexed/debug/classes-c50b1aee875aa1fca69e6ed0e353eb0f93d234cd.jar /home/evast/江浩/iTrueFace/app/build/intermediates/pre-dexed/debug/xmpp-54a198ede40a5aea2e848d7a13981810397402c6.jar
java_class_path (initial): /home/evast/desktop/Sdk/build-tools/23.0.1/lib/dx.jar
Launcher Type: SUN_STANDARD

Environment Variables:
JAVA_HOME=/usr/lib/jvm/java-8-oracle
PATH=/usr/local/sbin:/usr/local/bin:/usr/sbin:/usr/bin:/sbin:/bin:/usr/games:/usr/local/games:/usr/lib/jvm/java-8-oracle/bin:/usr/lib/jvm/java-8-oracle/db/bin:/usr/lib/jvm/java-8-oracle/jre/bin
LD_LIBRARY_PATH=.:
SHELL=/bin/bash
DISPLAY=:0

Signal Handlers:
SIGSEGV: [libjvm.so+0xaba2a0], sa_mask[0]=11111111011111111101111111111110, sa_flags=SA_RESTART|SA_SIGINFO
SIGBUS: [libjvm.so+0xaba2a0], sa_mask[0]=11111111011111111101111111111110, sa_flags=SA_RESTART|SA_SIGINFO
SIGFPE: [libjvm.so+0x917710], sa_mask[0]=11111111011111111101111111111110, sa_flags=SA_RESTART|SA_SIGINFO
SIGPIPE: [libjvm.so+0x917710], sa_mask[0]=11111111011111111101111111111110, sa_flags=SA_RESTART|SA_SIGINFO
SIGXFSZ: [libjvm.so+0x917710], sa_mask[0]=11111111011111111101111111111110, sa_flags=SA_RESTART|SA_SIGINFO
SIGILL: [libjvm.so+0x917710], sa_mask[0]=11111111011111111101111111111110, sa_flags=SA_RESTART|SA_SIGINFO
SIGUSR1: SIG_DFL, sa_mask[0]=00000000000000000000000000000000, sa_flags=none
SIGUSR2: [libjvm.so+0x918d40], sa_mask[0]=00100000000000000000000000000000, sa_flags=SA_RESTART|SA_SIGINFO
SIGHUP: [libjvm.so+0x91a140], sa_mask[0]=11111111011111111101111111111110, sa_flags=SA_RESTART|SA_SIGINFO
SIGINT: [libjvm.so+0x91a140], sa_mask[0]=11111111011111111101111111111110, sa_flags=SA_RESTART|SA_SIGINFO
SIGTERM: [libjvm.so+0x91a140], sa_mask[0]=11111111011111111101111111111110, sa_flags=SA_RESTART|SA_SIGINFO
SIGQUIT: [libjvm.so+0x91a140], sa_mask[0]=11111111011111111101111111111110, sa_flags=SA_RESTART|SA_SIGINFO


---------------  S Y S T E M  ---------------

OS:DISTRIB_ID=Ubuntu
DISTRIB_RELEASE=15.10
DISTRIB_CODENAME=wily
DISTRIB_DESCRIPTION="Ubuntu 15.10"

uname:Linux 4.2.0-23-generic #28-Ubuntu SMP Sun Dec 27 17:47:31 UTC 2015 x86_64
libc:glibc 2.21 NPTL 2.21 
rlimit: STACK 8192k, CORE 0k, NPROC 31476, NOFILE 65536, AS infinity
load average:2.00 1.07 0.97

/proc/meminfo:
MemTotal:        8092528 kB
MemFree:           57028 kB
MemAvailable:     133472 kB
Buffers:             968 kB
Cached:          2747528 kB
SwapCached:        17860 kB
Active:          6341504 kB
Inactive:        1409688 kB
Active(anon):    6317356 kB
Inactive(anon):  1388872 kB
Active(file):      24148 kB
Inactive(file):    20816 kB
Unevictable:          32 kB
Mlocked:              32 kB
SwapTotal:       8303612 kB
SwapFree:              0 kB
Dirty:               392 kB
Writeback:             0 kB
AnonPages:       4985872 kB
Mapped:          2045920 kB
Shmem:           2702892 kB
Slab:             123096 kB
SReclaimable:      73840 kB
SUnreclaim:        49256 kB
KernelStack:       11104 kB
PageTables:        55796 kB
NFS_Unstable:          0 kB
Bounce:                0 kB
WritebackTmp:          0 kB
CommitLimit:    12349876 kB
Committed_AS:   20176240 kB
VmallocTotal:   34359738367 kB
VmallocUsed:      587028 kB
VmallocChunk:   34358423548 kB
HardwareCorrupted:     0 kB
AnonHugePages:   2414592 kB
CmaTotal:              0 kB
CmaFree:               0 kB
HugePages_Total:       0
HugePages_Free:        0
HugePages_Rsvd:        0
HugePages_Surp:        0
Hugepagesize:       2048 kB
DirectMap4k:      193872 kB
DirectMap2M:     7063552 kB
DirectMap1G:     2097152 kB


CPU:total 4 (2 cores per cpu, 2 threads per core) family 6 model 61 stepping 4, cmov, cx8, fxsr, mmx, sse, sse2, sse3, ssse3, sse4.1, sse4.2, popcnt, avx, avx2, aes, clmul, erms, 3dnowpref, lzcnt, ht, tsc, tscinvbit, bmi1, bmi2, adx

/proc/cpuinfo:
processor	: 0
vendor_id	: GenuineIntel
cpu family	: 6
model		: 61
model name	: Intel(R) Core(TM) i7-5500U CPU @ 2.40GHz
stepping	: 4
microcode	: 0x21
cpu MHz		: 2991.093
cache size	: 4096 KB
physical id	: 0
siblings	: 4
core id		: 0
cpu cores	: 2
apicid		: 0
initial apicid	: 0
fpu		: yes
fpu_exception	: yes
cpuid level	: 20
wp		: yes
flags		: fpu vme de pse tsc msr pae mce cx8 apic sep mtrr pge mca cmov pat pse36 clflush dts acpi mmx fxsr sse sse2 ss ht tm pbe syscall nx pdpe1gb rdtscp lm constant_tsc arch_perfmon pebs bts rep_good nopl xtopology nonstop_tsc aperfmperf eagerfpu pni pclmulqdq dtes64 monitor ds_cpl vmx est tm2 ssse3 fma cx16 xtpr pdcm pcid sse4_1 sse4_2 x2apic movbe popcnt tsc_deadline_timer aes xsave avx f16c rdrand lahf_lm abm 3dnowprefetch ida arat epb pln pts dtherm intel_pt tpr_shadow vnmi flexpriority ept vpid fsgsbase tsc_adjust bmi1 avx2 smep bmi2 erms invpcid rdseed adx smap xsaveopt
bugs		:
bogomips	: 4788.87
clflush size	: 64
cache_alignment	: 64
address sizes	: 39 bits physical, 48 bits virtual
power management:

processor	: 1
vendor_id	: GenuineIntel
cpu family	: 6
model		: 61
model name	: Intel(R) Core(TM) i7-5500U CPU @ 2.40GHz
stepping	: 4
microcode	: 0x21
cpu MHz		: 2859.750
cache size	: 4096 KB
physical id	: 0
siblings	: 4
core id		: 1
cpu cores	: 2
apicid		: 2
initial apicid	: 2
fpu		: yes
fpu_exception	: yes
cpuid level	: 20
wp		: yes
flags		: fpu vme de pse tsc msr pae mce cx8 apic sep mtrr pge mca cmov pat pse36 clflush dts acpi mmx fxsr sse sse2 ss ht tm pbe syscall nx pdpe1gb rdtscp lm constant_tsc arch_perfmon pebs bts rep_good nopl xtopology nonstop_tsc aperfmperf eagerfpu pni pclmulqdq dtes64 monitor ds_cpl vmx est tm2 ssse3 fma cx16 xtpr pdcm pcid sse4_1 sse4_2 x2apic movbe popcnt tsc_deadline_timer aes xsave avx f16c rdrand lahf_lm abm 3dnowprefetch ida arat epb pln pts dtherm intel_pt tpr_shadow vnmi flexpriority ept vpid fsgsbase tsc_adjust bmi1 avx2 smep bmi2 erms invpcid rdseed adx smap xsaveopt
bugs		:
bogomips	: 4788.87
clflush size	: 64
cache_alignment	: 64
address sizes	: 39 bits physical, 48 bits virtual
power management:

processor	: 2
vendor_id	: GenuineIntel
cpu family	: 6
model		: 61
model name	: Intel(R) Core(TM) i7-5500U CPU @ 2.40GHz
stepping	: 4
microcode	: 0x21
cpu MHz		: 2911.406
cache size	: 4096 KB
physical id	: 0
siblings	: 4
core id		: 0
cpu cores	: 2
apicid		: 1
initial apicid	: 1
fpu		: yes
fpu_exception	: yes
cpuid level	: 20
wp		: yes
flags		: fpu vme de pse tsc msr pae mce cx8 apic sep mtrr pge mca cmov pat pse36 clflush dts acpi mmx fxsr sse sse2 ss ht tm pbe syscall nx pdpe1gb rdtscp lm constant_tsc arch_perfmon pebs bts rep_good nopl xtopology nonstop_tsc aperfmperf eagerfpu pni pclmulqdq dtes64 monitor ds_cpl vmx est tm2 ssse3 fma cx16 xtpr pdcm pcid sse4_1 sse4_2 x2apic movbe popcnt tsc_deadline_timer aes xsave avx f16c rdrand lahf_lm abm 3dnowprefetch ida arat epb pln pts dtherm intel_pt tpr_shadow vnmi flexpriority ept vpid fsgsbase tsc_adjust bmi1 avx2 smep bmi2 erms invpcid rdseed adx smap xsaveopt
bugs		:
bogomips	: 4788.87
clflush size	: 64
cache_alignment	: 64
address sizes	: 39 bits physical, 48 bits virtual
power management:

processor	: 3
vendor_id	: GenuineIntel
cpu family	: 6
model		: 61
model name	: Intel(R) Core(TM) i7-5500U CPU @ 2.40GHz
stepping	: 4
microcode	: 0x21
cpu MHz		: 3000.000
cache size	: 4096 KB
physical id	: 0
siblings	: 4
core id		: 1
cpu cores	: 2
apicid		: 3
initial apicid	: 3
fpu		: yes
fpu_exception	: yes
cpuid level	: 20
wp		: yes
flags		: fpu vme de pse tsc msr pae mce cx8 apic sep mtrr pge mca cmov pat pse36 clflush dts acpi mmx fxsr sse sse2 ss ht tm pbe syscall nx pdpe1gb rdtscp lm constant_tsc arch_perfmon pebs bts rep_good nopl xtopology nonstop_tsc aperfmperf eagerfpu pni pclmulqdq dtes64 monitor ds_cpl vmx est tm2 ssse3 fma cx16 xtpr pdcm pcid sse4_1 sse4_2 x2apic movbe popcnt tsc_deadline_timer aes xsave avx f16c rdrand lahf_lm abm 3dnowprefetch ida arat epb pln pts dtherm intel_pt tpr_shadow vnmi flexpriority ept vpid fsgsbase tsc_adjust bmi1 avx2 smep bmi2 erms invpcid rdseed adx smap xsaveopt
bugs		:
bogomips	: 4788.87
clflush size	: 64
cache_alignment	: 64
address sizes	: 39 bits physical, 48 bits virtual
power management:



Memory: 4k page, physical 8092528k(57028k free), swap 8303612k(0k free)

vm_info: Java HotSpot(TM) 64-Bit Server VM (25.66-b17) for linux-amd64 JRE (1.8.0_66-b17), built on Oct  6 2015 17:28:34 by "java_re" with gcc 4.3.0 20080428 (Red Hat 4.3.0-8)

time: Sun Jan 17 10:46:24 2016
elapsed time: 17 seconds (0d 0h 0m 17s)

